<?xml version="1.0" encoding="UTF-8"?>
<!-- Generated by org.testng.reporters.JUnitReportReporter -->
<testsuite hostname="LP-PF3HPCY3" failures="0" tests="1" name="mainclass.Deals3" time="20.437" errors="0" timestamp="2023-02-08T09:18:33 IST" skipped="0">
  <testcase classname="mainclass.Deals3" name="dealsTest" time="20.437"/>
  <system-out/>
</testsuite> <!-- mainclass.Deals3 -->
