<?xml version="1.0" encoding="UTF-8"?>
<!-- Generated by org.testng.reporters.JUnitReportReporter -->
<testsuite hostname="LP-PF3HPCY3" failures="0" tests="1" name="mainclass.Signin3" time="18.702" errors="0" timestamp="2023-02-08T09:46:55 IST" skipped="0">
  <testcase classname="mainclass.Signin3" name="Sign_inTest" time="18.702"/>
  <system-out/>
</testsuite> <!-- mainclass.Signin3 -->
