<?xml version="1.0" encoding="UTF-8"?>
<!-- Generated by org.testng.reporters.JUnitReportReporter -->
<testsuite hostname="LP-PF3HPCY3" failures="0" tests="1" name="mainclass.Signin1" time="25.204" errors="0" timestamp="2023-02-08T09:37:31 IST" skipped="0">
  <testcase classname="mainclass.Signin1" name="sign_inTest" time="25.204"/>
  <system-out/>
</testsuite> <!-- mainclass.Signin1 -->
