<?xml version="1.0" encoding="UTF-8"?>
<!-- Generated by org.testng.reporters.JUnitReportReporter -->
<testsuite hostname="LP-PF3HPCY3" failures="0" tests="1" name="mainclass.Signin" time="50.337" errors="0" timestamp="2023-01-29T15:52:01 IST" skipped="0">
  <testcase classname="mainclass.Signin" name="main" time="50.337"/>
  <system-out/>
</testsuite> <!-- mainclass.Signin -->
