<?xml version="1.0" encoding="UTF-8"?>
<!-- Generated by org.testng.reporters.JUnitReportReporter -->
<testsuite hostname="LP-PF3HPCY3" failures="0" tests="1" name="mainclass.Signin2" time="22.581" errors="0" timestamp="2023-02-08T09:48:05 IST" skipped="0">
  <testcase classname="mainclass.Signin2" name="Sign_inTest" time="22.581"/>
  <system-out/>
</testsuite> <!-- mainclass.Signin2 -->
