<?xml version="1.0" encoding="UTF-8"?>
<!-- Generated by org.testng.reporters.JUnitReportReporter -->
<testsuite hostname="LP-PF3HPCY3" failures="0" tests="1" name="mainclass.Buy3" time="18.103" errors="0" timestamp="2023-02-08T09:18:33 IST" skipped="0">
  <testcase classname="mainclass.Buy3" name="BuyTest" time="18.103"/>
  <system-out/>
</testsuite> <!-- mainclass.Buy3 -->
