<?xml version="1.0" encoding="UTF-8"?>
<!-- Generated by org.testng.reporters.JUnitReportReporter -->
<testsuite hostname="LP-PF3HPCY3" failures="0" tests="1" name="mainclass.tc_02" time="71.297" errors="0" timestamp="2023-01-29T15:52:01 IST" skipped="0">
  <testcase classname="mainclass.tc_02" name="main" time="71.297"/>
  <system-out/>
</testsuite> <!-- mainclass.tc_02 -->
